== Bring up core services ==
#1 [internal] load local bake definitions
#1 reading from stdin 339B done
#1 DONE 0.0s

#2 [internal] load build definition from Dockerfile
#2 transferring dockerfile: 427B 0.0s done
#2 DONE 0.0s

#3 [internal] load metadata for docker.io/library/eclipse-temurin:21-jre
#3 DONE 1.3s

#4 [internal] load metadata for docker.io/library/maven:3.9.8-eclipse-temurin-21
#4 DONE 2.1s

#5 [internal] load .dockerignore
#5 transferring context: 2B done
#5 DONE 0.0s

#6 [stage-1 1/3] FROM docker.io/library/eclipse-temurin:21-jre@sha256:ea350fe1d8bc9b18dea4ad46bb9a0f4d6fbd0dbb3548092e3ff8f1a3fef09efe
#6 resolve docker.io/library/eclipse-temurin:21-jre@sha256:ea350fe1d8bc9b18dea4ad46bb9a0f4d6fbd0dbb3548092e3ff8f1a3fef09efe 0.0s done
#6 DONE 0.0s

#7 [build 1/5] FROM docker.io/library/maven:3.9.8-eclipse-temurin-21@sha256:de18e4e51396ad9266f76669779ed6d6b49fbb0f45ed6f39169d87378d548d7d
#7 resolve docker.io/library/maven:3.9.8-eclipse-temurin-21@sha256:de18e4e51396ad9266f76669779ed6d6b49fbb0f45ed6f39169d87378d548d7d 0.0s done
#7 DONE 0.0s

#8 [internal] load build context
#8 transferring context: 4.93kB 0.0s done
#8 DONE 0.0s

#9 [build 2/5] WORKDIR /app
#9 CACHED

#10 [build 3/5] COPY pom.xml .
#10 CACHED

#11 [build 4/5] COPY src ./src
#11 CACHED

#12 [build 5/5] RUN mvn -q -DskipTests package
#12 1024.4 [ERROR] COMPILATION ERROR : 
#12 1024.4 [ERROR] /app/src/main/java/com/bookfella/booking/config/RequestLoggingFilter.java:[77,9] method does not override or implement a method from a supertype
#12 1024.4 [ERROR] /app/src/main/java/com/bookfella/booking/config/RequestLoggingFilter.java:[79,18] method setStatus in class jakarta.servlet.http.HttpServletResponseWrapper cannot be applied to given types;
#12 1024.4   required: int
#12 1024.4   found:    int,java.lang.String
#12 1024.4   reason: actual and formal argument lists differ in length
#12 1024.4 [ERROR] Failed to execute goal org.apache.maven.plugins:maven-compiler-plugin:3.14.0:compile (default-compile) on project booking: Compilation failure: Compilation failure: 
#12 1024.4 [ERROR] /app/src/main/java/com/bookfella/booking/config/RequestLoggingFilter.java:[77,9] method does not override or implement a method from a supertype
#12 1024.4 [ERROR] /app/src/main/java/com/bookfella/booking/config/RequestLoggingFilter.java:[79,18] method setStatus in class jakarta.servlet.http.HttpServletResponseWrapper cannot be applied to given types;
#12 1024.4 [ERROR]   required: int
#12 1024.4 [ERROR]   found:    int,java.lang.String
#12 1024.4 [ERROR]   reason: actual and formal argument lists differ in length
#12 1024.4 [ERROR] -> [Help 1]
#12 1024.4 [ERROR] 
#12 1024.4 [ERROR] To see the full stack trace of the errors, re-run Maven with the -e switch.
#12 1024.4 [ERROR] Re-run Maven using the -X switch to enable full debug logging.
#12 1024.4 [ERROR] 
#12 1024.4 [ERROR] For more information about the errors and possible solutions, please read the following articles:
#12 1024.4 [ERROR] [Help 1] http://cwiki.apache.org/confluence/display/MAVEN/MojoFailureException
#12 ERROR: process "/bin/sh -c mvn -q -DskipTests package" did not complete successfully: exit code: 1
------
 > [build 5/5] RUN mvn -q -DskipTests package:
1024.4 [ERROR]   required: int
1024.4 [ERROR]   found:    int,java.lang.String
1024.4 [ERROR]   reason: actual and formal argument lists differ in length
1024.4 [ERROR] -> [Help 1]
1024.4 [ERROR] 
1024.4 [ERROR] To see the full stack trace of the errors, re-run Maven with the -e switch.
1024.4 [ERROR] Re-run Maven using the -X switch to enable full debug logging.
1024.4 [ERROR] 
1024.4 [ERROR] For more information about the errors and possible solutions, please read the following articles:
1024.4 [ERROR] [Help 1] http://cwiki.apache.org/confluence/display/MAVEN/MojoFailureException
------
Dockerfile:6

--------------------

   4 |     COPY pom.xml .

   5 |     COPY src ./src

   6 | >>> RUN mvn -q -DskipTests package

   7 |     

   8 |     FROM eclipse-temurin:21-jre

--------------------

failed to solve: process "/bin/sh -c mvn -q -DskipTests package" did not complete successfully: exit code: 1



View build details: docker-desktop://dashboard/build/desktop-linux/desktop-linux/tpj6zycg0tn8mr6fegn20k2r8

